[ 2015-08-05 15:28:47.9428 16166/7fd7d7d96800 age/Wat/Main.cpp:1274 ]: Starting Passenger watchdog...
[ 2015-08-05 15:28:47.9578 16169/7fa7d968c800 age/Cor/Main.cpp:957 ]: Starting Passenger core...
[ 2015-08-05 15:28:47.9578 16169/7fa7d968c800 age/Cor/Main.cpp:234 ]: Passenger core running in multi-application mode.
[ 2015-08-05 15:28:47.9648 16169/7fa7d968c800 age/Cor/Main.cpp:707 ]: Passenger core online, PID 16169
[ 2015-08-05 15:28:47.9808 16177/7f6fc09a7800 age/Ust/Main.cpp:430 ]: Starting Passenger UstRouter...
[ 2015-08-05 15:28:47.9818 16177/7f6fc09a7800 age/Ust/Main.cpp:311 ]: Passenger UstRouter online, PID 16177
2015/08/05 15:28:50 [error] 16195#0: *4 "/home/dbat/dbat_2/public/public/index.html" is not found (2: No such file or directory), client: 127.0.0.1, server: _, request: "HEAD / HTTP/1.1", host: "0.0.0.0"


[ 2015-08-05 15:28:54.4638 16177/7f6fbb698700 age/Ust/Main.cpp:337 ]: Signal received. Gracefully shutting down... (send signal 2 more time(s) to force shutdown)
[ 2015-08-05 15:28:54.4638 16169/7fa7cf5fe700 age/Cor/Main.cpp:507 ]: Signal received. Gracefully shutting down... (send signal 2 more time(s) to force shutdown)
[ 2015-08-05 15:28:54.4638 16177/7f6fc09a7800 age/Ust/Main.cpp:399 ]: Received command to shutdown gracefully. Waiting until all clients have disconnected...
[ 2015-08-05 15:28:54.4638 16169/7fa7d968c800 age/Cor/Main.cpp:876 ]: Received command to shutdown gracefully. Waiting until all clients have disconnected...
[ 2015-08-05 15:28:54.4638 16177/7f6fbb698700 Ser/Server.h:752 ]: [LoggerApiServer] Freed 0 spare client objects
[ 2015-08-05 15:28:54.4638 16177/7f6fbb698700 Ser/Server.h:443 ]: [LoggerApiServer] Shutdown finished
[ 2015-08-05 15:28:54.4658 16169/7fa7ce1fc700 Ser/Server.h:752 ]: [ServerThr.3] Freed 128 spare client objects
[ 2015-08-05 15:28:54.4658 16169/7fa7cebfd700 Ser/Server.h:752 ]: [ServerThr.2] Freed 128 spare client objects
[ 2015-08-05 15:28:54.4658 16169/7fa7ce1fc700 Ser/Server.h:443 ]: [ServerThr.3] Shutdown finished
[ 2015-08-05 15:28:54.4658 16169/7fa7cebfd700 Ser/Server.h:443 ]: [ServerThr.2] Shutdown finished
[ 2015-08-05 15:28:54.4658 16177/7f6fc09a7800 age/Ust/Main.cpp:424 ]: Passenger UstRouter shutdown finished
[ 2015-08-05 15:28:54.4658 16169/7fa7cd7fb700 Ser/Server.h:752 ]: [ServerThr.4] Freed 128 spare client objects
[ 2015-08-05 15:28:54.4658 16169/7fa7cd7fb700 Ser/Server.h:443 ]: [ServerThr.4] Shutdown finished
[ 2015-08-05 15:28:54.4668 16169/7fa7cf5fe700 Ser/Server.h:752 ]: [ServerThr.1] Freed 128 spare client objects
[ 2015-08-05 15:28:54.4668 16169/7fa7cf5fe700 Ser/Server.h:443 ]: [ServerThr.1] Shutdown finished
[ 2015-08-05 15:28:54.4668 16169/7fa7ccdfa700 Ser/Server.h:752 ]: [ApiServer] Freed 0 spare client objects
[ 2015-08-05 15:28:54.4668 16169/7fa7ccdfa700 Ser/Server.h:443 ]: [ApiServer] Shutdown finished
[ 2015-08-05 15:28:54.4698 16169/7fa7d968c800 age/Cor/Main.cpp:942 ]: Passenger core shutdown finished
